Determining if the function CFPreferencesCopyAppValue exists failed with the following output:
Change Dir: C:/SPEEK/svox pico/dev/popt/CMakeFiles/CMakeTmp

Run Build Command:C:\Windows\Microsoft.NET\Framework\v4.0.30319\MSBuild.exe cmTryCompileExec.vcxproj /p:Configuration=Debug
Microsoft (R) Build Engine Version 4.0.30319.1
[Microsoft .NET Framework, Version 4.0.30319.1]
Copyright (C) Microsoft Corporation 2007. All rights reserved.

Build started 15-4-2011 10:46:42.
Project "C:\SPEEK\svox pico\dev\popt\CMakeFiles\CMakeTmp\cmTryCompileExec.vcxproj" on node 1 (default targets).
InitializeBuildStatus:
  Creating "cmTryCompileExec.dir\Debug\cmTryCompileExec.unsuccessfulbuild" because "AlwaysCreate" was specified.
ClCompile:
  C:\Program Files (x86)\Microsoft Visual Studio 10.0\VC\bin\CL.exe /c /Zi /nologo /W3 /WX- /Od /Ob0 /Oy- /D WIN32 /D _WINDOWS /D CHECK_FUNCTION_EXISTS=CFPreferencesCopyAppValue /D _DEBUG /D "CMAKE_INTDIR=\"Debug\"" /D _MBCS /Gm- /RTC1 /MDd /GS /fp:precise /Zc:wchar_t /Zc:forScope /Fo"cmTryCompileExec.dir\Debug\\" /Fd"C:/SPEEK/svox pico/dev/popt/CMakeFiles/CMakeTmp/Debug/cmTryCompileExec.pdb" /Gd /TC /analyze- /errorReport:queue "..\..\..\..\..\..\Program Files (x86)\CMake 2.8\share\cmake-2.8\Modules\CheckFunctionExists.c"  /Zm1000 
  CheckFunctionExists.c
ManifestResourceCompile:
  C:\Program Files (x86)\Microsoft SDKs\Windows\v7.0A\bin\rc.exe /nologo /fo"cmTryCompileExec.dir\Debug\cmTryCompileExec.exe.embed.manifest.res" cmTryCompileExec.dir\Debug\cmTryCompileExec_manifest.rc 
Link:
  C:\Program Files (x86)\Microsoft Visual Studio 10.0\VC\bin\link.exe /ERRORREPORT:QUEUE /OUT:"C:\SPEEK\svox pico\dev\popt\CMakeFiles\CMakeTmp\Debug\cmTryCompileExec.exe" /VERSION:"0.0" /INCREMENTAL /NOLOGO kernel32.lib user32.lib gdi32.lib winspool.lib shell32.lib ole32.lib oleaut32.lib uuid.lib comdlg32.lib advapi32.lib /MANIFEST /ManifestFile:"cmTryCompileExec.dir\Debug\cmTryCompileExec.exe.intermediate.manifest" /MANIFESTUAC:"level='asInvoker' uiAccess='false'" /DEBUG /PDB:"C:\SPEEK\svox pico\dev\popt\CMakeFiles\CMakeTmp\Debug\cmTryCompileExec.pdb" /SUBSYSTEM:CONSOLE /STACK:"10000000" /TLBID:1 /DYNAMICBASE /NXCOMPAT /IMPLIB:"C:/SPEEK/svox pico/dev/popt/CMakeFiles/CMakeTmp/Debug/cmTryCompileExec.lib" /MACHINE:X86 cmTryCompileExec.dir\Debug\cmTryCompileExec.exe.embed.manifest.res
  cmTryCompileExec.dir\Debug\CheckFunctionExists.obj  /machine:X86 /debug 
CheckFunctionExists.obj : error LNK2019: unresolved external symbol _CFPreferencesCopyAppValue referenced in function _main [C:\SPEEK\svox pico\dev\popt\CMakeFiles\CMakeTmp\cmTryCompileExec.vcxproj]
C:\SPEEK\svox pico\dev\popt\CMakeFiles\CMakeTmp\Debug\cmTryCompileExec.exe : fatal error LNK1120: 1 unresolved externals [C:\SPEEK\svox pico\dev\popt\CMakeFiles\CMakeTmp\cmTryCompileExec.vcxproj]
Done Building Project "C:\SPEEK\svox pico\dev\popt\CMakeFiles\CMakeTmp\cmTryCompileExec.vcxproj" (default targets) -- FAILED.

Build FAILED.

"C:\SPEEK\svox pico\dev\popt\CMakeFiles\CMakeTmp\cmTryCompileExec.vcxproj" (default target) (1) ->
(Link target) -> 
  CheckFunctionExists.obj : error LNK2019: unresolved external symbol _CFPreferencesCopyAppValue referenced in function _main [C:\SPEEK\svox pico\dev\popt\CMakeFiles\CMakeTmp\cmTryCompileExec.vcxproj]
  C:\SPEEK\svox pico\dev\popt\CMakeFiles\CMakeTmp\Debug\cmTryCompileExec.exe : fatal error LNK1120: 1 unresolved externals [C:\SPEEK\svox pico\dev\popt\CMakeFiles\CMakeTmp\cmTryCompileExec.vcxproj]

    0 Warning(s)
    2 Error(s)

Time Elapsed 00:00:00.34


Determining if the function dcgettext exists failed with the following output:
Change Dir: C:/SPEEK/svox pico/dev/popt/CMakeFiles/CMakeTmp

Run Build Command:C:\Windows\Microsoft.NET\Framework\v4.0.30319\MSBuild.exe cmTryCompileExec.vcxproj /p:Configuration=Debug
Microsoft (R) Build Engine Version 4.0.30319.1
[Microsoft .NET Framework, Version 4.0.30319.1]
Copyright (C) Microsoft Corporation 2007. All rights reserved.

Build started 15-4-2011 10:46:43.
Project "C:\SPEEK\svox pico\dev\popt\CMakeFiles\CMakeTmp\cmTryCompileExec.vcxproj" on node 1 (default targets).
InitializeBuildStatus:
  Creating "cmTryCompileExec.dir\Debug\cmTryCompileExec.unsuccessfulbuild" because "AlwaysCreate" was specified.
ClCompile:
  C:\Program Files (x86)\Microsoft Visual Studio 10.0\VC\bin\CL.exe /c /Zi /nologo /W3 /WX- /Od /Ob0 /Oy- /D WIN32 /D _WINDOWS /D CHECK_FUNCTION_EXISTS=dcgettext /D _DEBUG /D "CMAKE_INTDIR=\"Debug\"" /D _MBCS /Gm- /RTC1 /MDd /GS /fp:precise /Zc:wchar_t /Zc:forScope /Fo"cmTryCompileExec.dir\Debug\\" /Fd"C:/SPEEK/svox pico/dev/popt/CMakeFiles/CMakeTmp/Debug/cmTryCompileExec.pdb" /Gd /TC /analyze- /errorReport:queue "..\..\..\..\..\..\Program Files (x86)\CMake 2.8\share\cmake-2.8\Modules\CheckFunctionExists.c"  /Zm1000 
  CheckFunctionExists.c
ManifestResourceCompile:
  C:\Program Files (x86)\Microsoft SDKs\Windows\v7.0A\bin\rc.exe /nologo /fo"cmTryCompileExec.dir\Debug\cmTryCompileExec.exe.embed.manifest.res" cmTryCompileExec.dir\Debug\cmTryCompileExec_manifest.rc 
Link:
  C:\Program Files (x86)\Microsoft Visual Studio 10.0\VC\bin\link.exe /ERRORREPORT:QUEUE /OUT:"C:\SPEEK\svox pico\dev\popt\CMakeFiles\CMakeTmp\Debug\cmTryCompileExec.exe" /VERSION:"0.0" /INCREMENTAL /NOLOGO kernel32.lib user32.lib gdi32.lib winspool.lib shell32.lib ole32.lib oleaut32.lib uuid.lib comdlg32.lib advapi32.lib /MANIFEST /ManifestFile:"cmTryCompileExec.dir\Debug\cmTryCompileExec.exe.intermediate.manifest" /MANIFESTUAC:"level='asInvoker' uiAccess='false'" /DEBUG /PDB:"C:\SPEEK\svox pico\dev\popt\CMakeFiles\CMakeTmp\Debug\cmTryCompileExec.pdb" /SUBSYSTEM:CONSOLE /STACK:"10000000" /TLBID:1 /DYNAMICBASE /NXCOMPAT /IMPLIB:"C:/SPEEK/svox pico/dev/popt/CMakeFiles/CMakeTmp/Debug/cmTryCompileExec.lib" /MACHINE:X86 cmTryCompileExec.dir\Debug\cmTryCompileExec.exe.embed.manifest.res
  cmTryCompileExec.dir\Debug\CheckFunctionExists.obj  /machine:X86 /debug 
CheckFunctionExists.obj : error LNK2019: unresolved external symbol _dcgettext referenced in function _main [C:\SPEEK\svox pico\dev\popt\CMakeFiles\CMakeTmp\cmTryCompileExec.vcxproj]
C:\SPEEK\svox pico\dev\popt\CMakeFiles\CMakeTmp\Debug\cmTryCompileExec.exe : fatal error LNK1120: 1 unresolved externals [C:\SPEEK\svox pico\dev\popt\CMakeFiles\CMakeTmp\cmTryCompileExec.vcxproj]
Done Building Project "C:\SPEEK\svox pico\dev\popt\CMakeFiles\CMakeTmp\cmTryCompileExec.vcxproj" (default targets) -- FAILED.

Build FAILED.

"C:\SPEEK\svox pico\dev\popt\CMakeFiles\CMakeTmp\cmTryCompileExec.vcxproj" (default target) (1) ->
(Link target) -> 
  CheckFunctionExists.obj : error LNK2019: unresolved external symbol _dcgettext referenced in function _main [C:\SPEEK\svox pico\dev\popt\CMakeFiles\CMakeTmp\cmTryCompileExec.vcxproj]
  C:\SPEEK\svox pico\dev\popt\CMakeFiles\CMakeTmp\Debug\cmTryCompileExec.exe : fatal error LNK1120: 1 unresolved externals [C:\SPEEK\svox pico\dev\popt\CMakeFiles\CMakeTmp\cmTryCompileExec.vcxproj]

    0 Warning(s)
    2 Error(s)

Time Elapsed 00:00:00.32


Determining if files dlfcn.h exist failed with the following output:
Change Dir: C:/SPEEK/svox pico/dev/popt/CMakeFiles/CMakeTmp

Run Build Command:C:\Windows\Microsoft.NET\Framework\v4.0.30319\MSBuild.exe cmTryCompileExec.vcxproj /p:Configuration=Debug
Microsoft (R) Build Engine Version 4.0.30319.1
[Microsoft .NET Framework, Version 4.0.30319.1]
Copyright (C) Microsoft Corporation 2007. All rights reserved.

Build started 15-4-2011 10:46:43.
Project "C:\SPEEK\svox pico\dev\popt\CMakeFiles\CMakeTmp\cmTryCompileExec.vcxproj" on node 1 (default targets).
InitializeBuildStatus:
  Creating "cmTryCompileExec.dir\Debug\cmTryCompileExec.unsuccessfulbuild" because "AlwaysCreate" was specified.
ClCompile:
  C:\Program Files (x86)\Microsoft Visual Studio 10.0\VC\bin\CL.exe /c /Zi /nologo /W3 /WX- /Od /Ob0 /Oy- /D WIN32 /D _WINDOWS /D _DEBUG /D "CMAKE_INTDIR=\"Debug\"" /D _MBCS /Gm- /RTC1 /MDd /GS /fp:precise /Zc:wchar_t /Zc:forScope /Fo"cmTryCompileExec.dir\Debug\\" /Fd"C:/SPEEK/svox pico/dev/popt/CMakeFiles/CMakeTmp/Debug/cmTryCompileExec.pdb" /Gd /TC /analyze- /errorReport:queue CheckIncludeFiles.c  /Zm1000 
  CheckIncludeFiles.c
CheckIncludeFiles.c(2): fatal error C1083: Cannot open include file: 'dlfcn.h': No such file or directory [C:\SPEEK\svox pico\dev\popt\CMakeFiles\CMakeTmp\cmTryCompileExec.vcxproj]
Done Building Project "C:\SPEEK\svox pico\dev\popt\CMakeFiles\CMakeTmp\cmTryCompileExec.vcxproj" (default targets) -- FAILED.

Build FAILED.

"C:\SPEEK\svox pico\dev\popt\CMakeFiles\CMakeTmp\cmTryCompileExec.vcxproj" (default target) (1) ->
(ClCompile target) -> 
  CheckIncludeFiles.c(2): fatal error C1083: Cannot open include file: 'dlfcn.h': No such file or directory [C:\SPEEK\svox pico\dev\popt\CMakeFiles\CMakeTmp\cmTryCompileExec.vcxproj]

    0 Warning(s)
    1 Error(s)

Time Elapsed 00:00:00.18

Source:
/* */
#include <dlfcn.h>


int main(){return 0;}

Determining if files fnmatch.h exist failed with the following output:
Change Dir: C:/SPEEK/svox pico/dev/popt/CMakeFiles/CMakeTmp

Run Build Command:C:\Windows\Microsoft.NET\Framework\v4.0.30319\MSBuild.exe cmTryCompileExec.vcxproj /p:Configuration=Debug
Microsoft (R) Build Engine Version 4.0.30319.1
[Microsoft .NET Framework, Version 4.0.30319.1]
Copyright (C) Microsoft Corporation 2007. All rights reserved.

Build started 15-4-2011 10:46:44.
Project "C:\SPEEK\svox pico\dev\popt\CMakeFiles\CMakeTmp\cmTryCompileExec.vcxproj" on node 1 (default targets).
InitializeBuildStatus:
  Creating "cmTryCompileExec.dir\Debug\cmTryCompileExec.unsuccessfulbuild" because "AlwaysCreate" was specified.
ClCompile:
  C:\Program Files (x86)\Microsoft Visual Studio 10.0\VC\bin\CL.exe /c /Zi /nologo /W3 /WX- /Od /Ob0 /Oy- /D WIN32 /D _WINDOWS /D _DEBUG /D "CMAKE_INTDIR=\"Debug\"" /D _MBCS /Gm- /RTC1 /MDd /GS /fp:precise /Zc:wchar_t /Zc:forScope /Fo"cmTryCompileExec.dir\Debug\\" /Fd"C:/SPEEK/svox pico/dev/popt/CMakeFiles/CMakeTmp/Debug/cmTryCompileExec.pdb" /Gd /TC /analyze- /errorReport:queue CheckIncludeFiles.c  /Zm1000 
  CheckIncludeFiles.c
CheckIncludeFiles.c(2): fatal error C1083: Cannot open include file: 'fnmatch.h': No such file or directory [C:\SPEEK\svox pico\dev\popt\CMakeFiles\CMakeTmp\cmTryCompileExec.vcxproj]
Done Building Project "C:\SPEEK\svox pico\dev\popt\CMakeFiles\CMakeTmp\cmTryCompileExec.vcxproj" (default targets) -- FAILED.

Build FAILED.

"C:\SPEEK\svox pico\dev\popt\CMakeFiles\CMakeTmp\cmTryCompileExec.vcxproj" (default target) (1) ->
(ClCompile target) -> 
  CheckIncludeFiles.c(2): fatal error C1083: Cannot open include file: 'fnmatch.h': No such file or directory [C:\SPEEK\svox pico\dev\popt\CMakeFiles\CMakeTmp\cmTryCompileExec.vcxproj]

    0 Warning(s)
    1 Error(s)

Time Elapsed 00:00:00.18

Source:
/* */
#include <fnmatch.h>


int main(){return 0;}

Determining if the function geteuid exists failed with the following output:
Change Dir: C:/SPEEK/svox pico/dev/popt/CMakeFiles/CMakeTmp

Run Build Command:C:\Windows\Microsoft.NET\Framework\v4.0.30319\MSBuild.exe cmTryCompileExec.vcxproj /p:Configuration=Debug
Microsoft (R) Build Engine Version 4.0.30319.1
[Microsoft .NET Framework, Version 4.0.30319.1]
Copyright (C) Microsoft Corporation 2007. All rights reserved.

Build started 15-4-2011 10:46:45.
Project "C:\SPEEK\svox pico\dev\popt\CMakeFiles\CMakeTmp\cmTryCompileExec.vcxproj" on node 1 (default targets).
InitializeBuildStatus:
  Creating "cmTryCompileExec.dir\Debug\cmTryCompileExec.unsuccessfulbuild" because "AlwaysCreate" was specified.
ClCompile:
  C:\Program Files (x86)\Microsoft Visual Studio 10.0\VC\bin\CL.exe /c /Zi /nologo /W3 /WX- /Od /Ob0 /Oy- /D WIN32 /D _WINDOWS /D CHECK_FUNCTION_EXISTS=geteuid /D _DEBUG /D "CMAKE_INTDIR=\"Debug\"" /D _MBCS /Gm- /RTC1 /MDd /GS /fp:precise /Zc:wchar_t /Zc:forScope /Fo"cmTryCompileExec.dir\Debug\\" /Fd"C:/SPEEK/svox pico/dev/popt/CMakeFiles/CMakeTmp/Debug/cmTryCompileExec.pdb" /Gd /TC /analyze- /errorReport:queue "..\..\..\..\..\..\Program Files (x86)\CMake 2.8\share\cmake-2.8\Modules\CheckFunctionExists.c"  /Zm1000 
  CheckFunctionExists.c
ManifestResourceCompile:
  C:\Program Files (x86)\Microsoft SDKs\Windows\v7.0A\bin\rc.exe /nologo /fo"cmTryCompileExec.dir\Debug\cmTryCompileExec.exe.embed.manifest.res" cmTryCompileExec.dir\Debug\cmTryCompileExec_manifest.rc 
Link:
  C:\Program Files (x86)\Microsoft Visual Studio 10.0\VC\bin\link.exe /ERRORREPORT:QUEUE /OUT:"C:\SPEEK\svox pico\dev\popt\CMakeFiles\CMakeTmp\Debug\cmTryCompileExec.exe" /VERSION:"0.0" /INCREMENTAL /NOLOGO kernel32.lib user32.lib gdi32.lib winspool.lib shell32.lib ole32.lib oleaut32.lib uuid.lib comdlg32.lib advapi32.lib /MANIFEST /ManifestFile:"cmTryCompileExec.dir\Debug\cmTryCompileExec.exe.intermediate.manifest" /MANIFESTUAC:"level='asInvoker' uiAccess='false'" /DEBUG /PDB:"C:\SPEEK\svox pico\dev\popt\CMakeFiles\CMakeTmp\Debug\cmTryCompileExec.pdb" /SUBSYSTEM:CONSOLE /STACK:"10000000" /TLBID:1 /DYNAMICBASE /NXCOMPAT /IMPLIB:"C:/SPEEK/svox pico/dev/popt/CMakeFiles/CMakeTmp/Debug/cmTryCompileExec.lib" /MACHINE:X86 cmTryCompileExec.dir\Debug\cmTryCompileExec.exe.embed.manifest.res
  cmTryCompileExec.dir\Debug\CheckFunctionExists.obj  /machine:X86 /debug 
CheckFunctionExists.obj : error LNK2019: unresolved external symbol _geteuid referenced in function _main [C:\SPEEK\svox pico\dev\popt\CMakeFiles\CMakeTmp\cmTryCompileExec.vcxproj]
C:\SPEEK\svox pico\dev\popt\CMakeFiles\CMakeTmp\Debug\cmTryCompileExec.exe : fatal error LNK1120: 1 unresolved externals [C:\SPEEK\svox pico\dev\popt\CMakeFiles\CMakeTmp\cmTryCompileExec.vcxproj]
Done Building Project "C:\SPEEK\svox pico\dev\popt\CMakeFiles\CMakeTmp\cmTryCompileExec.vcxproj" (default targets) -- FAILED.

Build FAILED.

"C:\SPEEK\svox pico\dev\popt\CMakeFiles\CMakeTmp\cmTryCompileExec.vcxproj" (default target) (1) ->
(Link target) -> 
  CheckFunctionExists.obj : error LNK2019: unresolved external symbol _geteuid referenced in function _main [C:\SPEEK\svox pico\dev\popt\CMakeFiles\CMakeTmp\cmTryCompileExec.vcxproj]
  C:\SPEEK\svox pico\dev\popt\CMakeFiles\CMakeTmp\Debug\cmTryCompileExec.exe : fatal error LNK1120: 1 unresolved externals [C:\SPEEK\svox pico\dev\popt\CMakeFiles\CMakeTmp\cmTryCompileExec.vcxproj]

    0 Warning(s)
    2 Error(s)

Time Elapsed 00:00:00.34


Determining if the function gettext exists failed with the following output:
Change Dir: C:/SPEEK/svox pico/dev/popt/CMakeFiles/CMakeTmp

Run Build Command:C:\Windows\Microsoft.NET\Framework\v4.0.30319\MSBuild.exe cmTryCompileExec.vcxproj /p:Configuration=Debug
Microsoft (R) Build Engine Version 4.0.30319.1
[Microsoft .NET Framework, Version 4.0.30319.1]
Copyright (C) Microsoft Corporation 2007. All rights reserved.

Build started 15-4-2011 10:46:45.
Project "C:\SPEEK\svox pico\dev\popt\CMakeFiles\CMakeTmp\cmTryCompileExec.vcxproj" on node 1 (default targets).
InitializeBuildStatus:
  Creating "cmTryCompileExec.dir\Debug\cmTryCompileExec.unsuccessfulbuild" because "AlwaysCreate" was specified.
ClCompile:
  C:\Program Files (x86)\Microsoft Visual Studio 10.0\VC\bin\CL.exe /c /Zi /nologo /W3 /WX- /Od /Ob0 /Oy- /D WIN32 /D _WINDOWS /D CHECK_FUNCTION_EXISTS=gettext /D _DEBUG /D "CMAKE_INTDIR=\"Debug\"" /D _MBCS /Gm- /RTC1 /MDd /GS /fp:precise /Zc:wchar_t /Zc:forScope /Fo"cmTryCompileExec.dir\Debug\\" /Fd"C:/SPEEK/svox pico/dev/popt/CMakeFiles/CMakeTmp/Debug/cmTryCompileExec.pdb" /Gd /TC /analyze- /errorReport:queue "..\..\..\..\..\..\Program Files (x86)\CMake 2.8\share\cmake-2.8\Modules\CheckFunctionExists.c"  /Zm1000 
  CheckFunctionExists.c
ManifestResourceCompile:
  C:\Program Files (x86)\Microsoft SDKs\Windows\v7.0A\bin\rc.exe /nologo /fo"cmTryCompileExec.dir\Debug\cmTryCompileExec.exe.embed.manifest.res" cmTryCompileExec.dir\Debug\cmTryCompileExec_manifest.rc 
Link:
  C:\Program Files (x86)\Microsoft Visual Studio 10.0\VC\bin\link.exe /ERRORREPORT:QUEUE /OUT:"C:\SPEEK\svox pico\dev\popt\CMakeFiles\CMakeTmp\Debug\cmTryCompileExec.exe" /VERSION:"0.0" /INCREMENTAL /NOLOGO kernel32.lib user32.lib gdi32.lib winspool.lib shell32.lib ole32.lib oleaut32.lib uuid.lib comdlg32.lib advapi32.lib /MANIFEST /ManifestFile:"cmTryCompileExec.dir\Debug\cmTryCompileExec.exe.intermediate.manifest" /MANIFESTUAC:"level='asInvoker' uiAccess='false'" /DEBUG /PDB:"C:\SPEEK\svox pico\dev\popt\CMakeFiles\CMakeTmp\Debug\cmTryCompileExec.pdb" /SUBSYSTEM:CONSOLE /STACK:"10000000" /TLBID:1 /DYNAMICBASE /NXCOMPAT /IMPLIB:"C:/SPEEK/svox pico/dev/popt/CMakeFiles/CMakeTmp/Debug/cmTryCompileExec.lib" /MACHINE:X86 cmTryCompileExec.dir\Debug\cmTryCompileExec.exe.embed.manifest.res
  cmTryCompileExec.dir\Debug\CheckFunctionExists.obj  /machine:X86 /debug 
CheckFunctionExists.obj : error LNK2019: unresolved external symbol _gettext referenced in function _main [C:\SPEEK\svox pico\dev\popt\CMakeFiles\CMakeTmp\cmTryCompileExec.vcxproj]
C:\SPEEK\svox pico\dev\popt\CMakeFiles\CMakeTmp\Debug\cmTryCompileExec.exe : fatal error LNK1120: 1 unresolved externals [C:\SPEEK\svox pico\dev\popt\CMakeFiles\CMakeTmp\cmTryCompileExec.vcxproj]
Done Building Project "C:\SPEEK\svox pico\dev\popt\CMakeFiles\CMakeTmp\cmTryCompileExec.vcxproj" (default targets) -- FAILED.

Build FAILED.

"C:\SPEEK\svox pico\dev\popt\CMakeFiles\CMakeTmp\cmTryCompileExec.vcxproj" (default target) (1) ->
(Link target) -> 
  CheckFunctionExists.obj : error LNK2019: unresolved external symbol _gettext referenced in function _main [C:\SPEEK\svox pico\dev\popt\CMakeFiles\CMakeTmp\cmTryCompileExec.vcxproj]
  C:\SPEEK\svox pico\dev\popt\CMakeFiles\CMakeTmp\Debug\cmTryCompileExec.exe : fatal error LNK1120: 1 unresolved externals [C:\SPEEK\svox pico\dev\popt\CMakeFiles\CMakeTmp\cmTryCompileExec.vcxproj]

    0 Warning(s)
    2 Error(s)

Time Elapsed 00:00:00.32


Determining if the function getuid exists failed with the following output:
Change Dir: C:/SPEEK/svox pico/dev/popt/CMakeFiles/CMakeTmp

Run Build Command:C:\Windows\Microsoft.NET\Framework\v4.0.30319\MSBuild.exe cmTryCompileExec.vcxproj /p:Configuration=Debug
Microsoft (R) Build Engine Version 4.0.30319.1
[Microsoft .NET Framework, Version 4.0.30319.1]
Copyright (C) Microsoft Corporation 2007. All rights reserved.

Build started 15-4-2011 10:46:46.
Project "C:\SPEEK\svox pico\dev\popt\CMakeFiles\CMakeTmp\cmTryCompileExec.vcxproj" on node 1 (default targets).
InitializeBuildStatus:
  Creating "cmTryCompileExec.dir\Debug\cmTryCompileExec.unsuccessfulbuild" because "AlwaysCreate" was specified.
ClCompile:
  C:\Program Files (x86)\Microsoft Visual Studio 10.0\VC\bin\CL.exe /c /Zi /nologo /W3 /WX- /Od /Ob0 /Oy- /D WIN32 /D _WINDOWS /D CHECK_FUNCTION_EXISTS=getuid /D _DEBUG /D "CMAKE_INTDIR=\"Debug\"" /D _MBCS /Gm- /RTC1 /MDd /GS /fp:precise /Zc:wchar_t /Zc:forScope /Fo"cmTryCompileExec.dir\Debug\\" /Fd"C:/SPEEK/svox pico/dev/popt/CMakeFiles/CMakeTmp/Debug/cmTryCompileExec.pdb" /Gd /TC /analyze- /errorReport:queue "..\..\..\..\..\..\Program Files (x86)\CMake 2.8\share\cmake-2.8\Modules\CheckFunctionExists.c"  /Zm1000 
  CheckFunctionExists.c
ManifestResourceCompile:
  C:\Program Files (x86)\Microsoft SDKs\Windows\v7.0A\bin\rc.exe /nologo /fo"cmTryCompileExec.dir\Debug\cmTryCompileExec.exe.embed.manifest.res" cmTryCompileExec.dir\Debug\cmTryCompileExec_manifest.rc 
Link:
  C:\Program Files (x86)\Microsoft Visual Studio 10.0\VC\bin\link.exe /ERRORREPORT:QUEUE /OUT:"C:\SPEEK\svox pico\dev\popt\CMakeFiles\CMakeTmp\Debug\cmTryCompileExec.exe" /VERSION:"0.0" /INCREMENTAL /NOLOGO kernel32.lib user32.lib gdi32.lib winspool.lib shell32.lib ole32.lib oleaut32.lib uuid.lib comdlg32.lib advapi32.lib /MANIFEST /ManifestFile:"cmTryCompileExec.dir\Debug\cmTryCompileExec.exe.intermediate.manifest" /MANIFESTUAC:"level='asInvoker' uiAccess='false'" /DEBUG /PDB:"C:\SPEEK\svox pico\dev\popt\CMakeFiles\CMakeTmp\Debug\cmTryCompileExec.pdb" /SUBSYSTEM:CONSOLE /STACK:"10000000" /TLBID:1 /DYNAMICBASE /NXCOMPAT /IMPLIB:"C:/SPEEK/svox pico/dev/popt/CMakeFiles/CMakeTmp/Debug/cmTryCompileExec.lib" /MACHINE:X86 cmTryCompileExec.dir\Debug\cmTryCompileExec.exe.embed.manifest.res
  cmTryCompileExec.dir\Debug\CheckFunctionExists.obj  /machine:X86 /debug 
CheckFunctionExists.obj : error LNK2019: unresolved external symbol _getuid referenced in function _main [C:\SPEEK\svox pico\dev\popt\CMakeFiles\CMakeTmp\cmTryCompileExec.vcxproj]
C:\SPEEK\svox pico\dev\popt\CMakeFiles\CMakeTmp\Debug\cmTryCompileExec.exe : fatal error LNK1120: 1 unresolved externals [C:\SPEEK\svox pico\dev\popt\CMakeFiles\CMakeTmp\cmTryCompileExec.vcxproj]
Done Building Project "C:\SPEEK\svox pico\dev\popt\CMakeFiles\CMakeTmp\cmTryCompileExec.vcxproj" (default targets) -- FAILED.

Build FAILED.

"C:\SPEEK\svox pico\dev\popt\CMakeFiles\CMakeTmp\cmTryCompileExec.vcxproj" (default target) (1) ->
(Link target) -> 
  CheckFunctionExists.obj : error LNK2019: unresolved external symbol _getuid referenced in function _main [C:\SPEEK\svox pico\dev\popt\CMakeFiles\CMakeTmp\cmTryCompileExec.vcxproj]
  C:\SPEEK\svox pico\dev\popt\CMakeFiles\CMakeTmp\Debug\cmTryCompileExec.exe : fatal error LNK1120: 1 unresolved externals [C:\SPEEK\svox pico\dev\popt\CMakeFiles\CMakeTmp\cmTryCompileExec.vcxproj]

    0 Warning(s)
    2 Error(s)

Time Elapsed 00:00:00.32


Determining if files glob.h exist failed with the following output:
Change Dir: C:/SPEEK/svox pico/dev/popt/CMakeFiles/CMakeTmp

Run Build Command:C:\Windows\Microsoft.NET\Framework\v4.0.30319\MSBuild.exe cmTryCompileExec.vcxproj /p:Configuration=Debug
Microsoft (R) Build Engine Version 4.0.30319.1
[Microsoft .NET Framework, Version 4.0.30319.1]
Copyright (C) Microsoft Corporation 2007. All rights reserved.

Build started 15-4-2011 10:46:46.
Project "C:\SPEEK\svox pico\dev\popt\CMakeFiles\CMakeTmp\cmTryCompileExec.vcxproj" on node 1 (default targets).
InitializeBuildStatus:
  Creating "cmTryCompileExec.dir\Debug\cmTryCompileExec.unsuccessfulbuild" because "AlwaysCreate" was specified.
ClCompile:
  C:\Program Files (x86)\Microsoft Visual Studio 10.0\VC\bin\CL.exe /c /Zi /nologo /W3 /WX- /Od /Ob0 /Oy- /D WIN32 /D _WINDOWS /D _DEBUG /D "CMAKE_INTDIR=\"Debug\"" /D _MBCS /Gm- /RTC1 /MDd /GS /fp:precise /Zc:wchar_t /Zc:forScope /Fo"cmTryCompileExec.dir\Debug\\" /Fd"C:/SPEEK/svox pico/dev/popt/CMakeFiles/CMakeTmp/Debug/cmTryCompileExec.pdb" /Gd /TC /analyze- /errorReport:queue CheckIncludeFiles.c  /Zm1000 
  CheckIncludeFiles.c
CheckIncludeFiles.c(2): fatal error C1083: Cannot open include file: 'glob.h': No such file or directory [C:\SPEEK\svox pico\dev\popt\CMakeFiles\CMakeTmp\cmTryCompileExec.vcxproj]
Done Building Project "C:\SPEEK\svox pico\dev\popt\CMakeFiles\CMakeTmp\cmTryCompileExec.vcxproj" (default targets) -- FAILED.

Build FAILED.

"C:\SPEEK\svox pico\dev\popt\CMakeFiles\CMakeTmp\cmTryCompileExec.vcxproj" (default target) (1) ->
(ClCompile target) -> 
  CheckIncludeFiles.c(2): fatal error C1083: Cannot open include file: 'glob.h': No such file or directory [C:\SPEEK\svox pico\dev\popt\CMakeFiles\CMakeTmp\cmTryCompileExec.vcxproj]

    0 Warning(s)
    1 Error(s)

Time Elapsed 00:00:00.18

Source:
/* */
#include <glob.h>


int main(){return 0;}

Determining if the function iconv exists failed with the following output:
Change Dir: C:/SPEEK/svox pico/dev/popt/CMakeFiles/CMakeTmp

Run Build Command:C:\Windows\Microsoft.NET\Framework\v4.0.30319\MSBuild.exe cmTryCompileExec.vcxproj /p:Configuration=Debug
Microsoft (R) Build Engine Version 4.0.30319.1
[Microsoft .NET Framework, Version 4.0.30319.1]
Copyright (C) Microsoft Corporation 2007. All rights reserved.

Build started 15-4-2011 10:46:46.
Project "C:\SPEEK\svox pico\dev\popt\CMakeFiles\CMakeTmp\cmTryCompileExec.vcxproj" on node 1 (default targets).
InitializeBuildStatus:
  Creating "cmTryCompileExec.dir\Debug\cmTryCompileExec.unsuccessfulbuild" because "AlwaysCreate" was specified.
ClCompile:
  C:\Program Files (x86)\Microsoft Visual Studio 10.0\VC\bin\CL.exe /c /Zi /nologo /W3 /WX- /Od /Ob0 /Oy- /D WIN32 /D _WINDOWS /D CHECK_FUNCTION_EXISTS=iconv /D _DEBUG /D "CMAKE_INTDIR=\"Debug\"" /D _MBCS /Gm- /RTC1 /MDd /GS /fp:precise /Zc:wchar_t /Zc:forScope /Fo"cmTryCompileExec.dir\Debug\\" /Fd"C:/SPEEK/svox pico/dev/popt/CMakeFiles/CMakeTmp/Debug/cmTryCompileExec.pdb" /Gd /TC /analyze- /errorReport:queue "..\..\..\..\..\..\Program Files (x86)\CMake 2.8\share\cmake-2.8\Modules\CheckFunctionExists.c"  /Zm1000 
  CheckFunctionExists.c
ManifestResourceCompile:
  C:\Program Files (x86)\Microsoft SDKs\Windows\v7.0A\bin\rc.exe /nologo /fo"cmTryCompileExec.dir\Debug\cmTryCompileExec.exe.embed.manifest.res" cmTryCompileExec.dir\Debug\cmTryCompileExec_manifest.rc 
Link:
  C:\Program Files (x86)\Microsoft Visual Studio 10.0\VC\bin\link.exe /ERRORREPORT:QUEUE /OUT:"C:\SPEEK\svox pico\dev\popt\CMakeFiles\CMakeTmp\Debug\cmTryCompileExec.exe" /VERSION:"0.0" /INCREMENTAL /NOLOGO kernel32.lib user32.lib gdi32.lib winspool.lib shell32.lib ole32.lib oleaut32.lib uuid.lib comdlg32.lib advapi32.lib /MANIFEST /ManifestFile:"cmTryCompileExec.dir\Debug\cmTryCompileExec.exe.intermediate.manifest" /MANIFESTUAC:"level='asInvoker' uiAccess='false'" /DEBUG /PDB:"C:\SPEEK\svox pico\dev\popt\CMakeFiles\CMakeTmp\Debug\cmTryCompileExec.pdb" /SUBSYSTEM:CONSOLE /STACK:"10000000" /TLBID:1 /DYNAMICBASE /NXCOMPAT /IMPLIB:"C:/SPEEK/svox pico/dev/popt/CMakeFiles/CMakeTmp/Debug/cmTryCompileExec.lib" /MACHINE:X86 cmTryCompileExec.dir\Debug\cmTryCompileExec.exe.embed.manifest.res
  cmTryCompileExec.dir\Debug\CheckFunctionExists.obj  /machine:X86 /debug 
CheckFunctionExists.obj : error LNK2019: unresolved external symbol _iconv referenced in function _main [C:\SPEEK\svox pico\dev\popt\CMakeFiles\CMakeTmp\cmTryCompileExec.vcxproj]
C:\SPEEK\svox pico\dev\popt\CMakeFiles\CMakeTmp\Debug\cmTryCompileExec.exe : fatal error LNK1120: 1 unresolved externals [C:\SPEEK\svox pico\dev\popt\CMakeFiles\CMakeTmp\cmTryCompileExec.vcxproj]
Done Building Project "C:\SPEEK\svox pico\dev\popt\CMakeFiles\CMakeTmp\cmTryCompileExec.vcxproj" (default targets) -- FAILED.

Build FAILED.

"C:\SPEEK\svox pico\dev\popt\CMakeFiles\CMakeTmp\cmTryCompileExec.vcxproj" (default target) (1) ->
(Link target) -> 
  CheckFunctionExists.obj : error LNK2019: unresolved external symbol _iconv referenced in function _main [C:\SPEEK\svox pico\dev\popt\CMakeFiles\CMakeTmp\cmTryCompileExec.vcxproj]
  C:\SPEEK\svox pico\dev\popt\CMakeFiles\CMakeTmp\Debug\cmTryCompileExec.exe : fatal error LNK1120: 1 unresolved externals [C:\SPEEK\svox pico\dev\popt\CMakeFiles\CMakeTmp\cmTryCompileExec.vcxproj]

    0 Warning(s)
    2 Error(s)

Time Elapsed 00:00:00.32


Determining if files inttypes.h exist failed with the following output:
Change Dir: C:/SPEEK/svox pico/dev/popt/CMakeFiles/CMakeTmp

Run Build Command:C:\Windows\Microsoft.NET\Framework\v4.0.30319\MSBuild.exe cmTryCompileExec.vcxproj /p:Configuration=Debug
Microsoft (R) Build Engine Version 4.0.30319.1
[Microsoft .NET Framework, Version 4.0.30319.1]
Copyright (C) Microsoft Corporation 2007. All rights reserved.

Build started 15-4-2011 10:46:47.
Project "C:\SPEEK\svox pico\dev\popt\CMakeFiles\CMakeTmp\cmTryCompileExec.vcxproj" on node 1 (default targets).
InitializeBuildStatus:
  Creating "cmTryCompileExec.dir\Debug\cmTryCompileExec.unsuccessfulbuild" because "AlwaysCreate" was specified.
ClCompile:
  C:\Program Files (x86)\Microsoft Visual Studio 10.0\VC\bin\CL.exe /c /Zi /nologo /W3 /WX- /Od /Ob0 /Oy- /D WIN32 /D _WINDOWS /D _DEBUG /D "CMAKE_INTDIR=\"Debug\"" /D _MBCS /Gm- /RTC1 /MDd /GS /fp:precise /Zc:wchar_t /Zc:forScope /Fo"cmTryCompileExec.dir\Debug\\" /Fd"C:/SPEEK/svox pico/dev/popt/CMakeFiles/CMakeTmp/Debug/cmTryCompileExec.pdb" /Gd /TC /analyze- /errorReport:queue CheckIncludeFiles.c  /Zm1000 
  CheckIncludeFiles.c
CheckIncludeFiles.c(2): fatal error C1083: Cannot open include file: 'inttypes.h': No such file or directory [C:\SPEEK\svox pico\dev\popt\CMakeFiles\CMakeTmp\cmTryCompileExec.vcxproj]
Done Building Project "C:\SPEEK\svox pico\dev\popt\CMakeFiles\CMakeTmp\cmTryCompileExec.vcxproj" (default targets) -- FAILED.

Build FAILED.

"C:\SPEEK\svox pico\dev\popt\CMakeFiles\CMakeTmp\cmTryCompileExec.vcxproj" (default target) (1) ->
(ClCompile target) -> 
  CheckIncludeFiles.c(2): fatal error C1083: Cannot open include file: 'inttypes.h': No such file or directory [C:\SPEEK\svox pico\dev\popt\CMakeFiles\CMakeTmp\cmTryCompileExec.vcxproj]

    0 Warning(s)
    1 Error(s)

Time Elapsed 00:00:00.18

Source:
/* */
#include <inttypes.h>


int main(){return 0;}

Determining if files langinfo.h exist failed with the following output:
Change Dir: C:/SPEEK/svox pico/dev/popt/CMakeFiles/CMakeTmp

Run Build Command:C:\Windows\Microsoft.NET\Framework\v4.0.30319\MSBuild.exe cmTryCompileExec.vcxproj /p:Configuration=Debug
Microsoft (R) Build Engine Version 4.0.30319.1
[Microsoft .NET Framework, Version 4.0.30319.1]
Copyright (C) Microsoft Corporation 2007. All rights reserved.

Build started 15-4-2011 10:46:47.
Project "C:\SPEEK\svox pico\dev\popt\CMakeFiles\CMakeTmp\cmTryCompileExec.vcxproj" on node 1 (default targets).
InitializeBuildStatus:
  Creating "cmTryCompileExec.dir\Debug\cmTryCompileExec.unsuccessfulbuild" because "AlwaysCreate" was specified.
ClCompile:
  C:\Program Files (x86)\Microsoft Visual Studio 10.0\VC\bin\CL.exe /c /Zi /nologo /W3 /WX- /Od /Ob0 /Oy- /D WIN32 /D _WINDOWS /D _DEBUG /D "CMAKE_INTDIR=\"Debug\"" /D _MBCS /Gm- /RTC1 /MDd /GS /fp:precise /Zc:wchar_t /Zc:forScope /Fo"cmTryCompileExec.dir\Debug\\" /Fd"C:/SPEEK/svox pico/dev/popt/CMakeFiles/CMakeTmp/Debug/cmTryCompileExec.pdb" /Gd /TC /analyze- /errorReport:queue CheckIncludeFiles.c  /Zm1000 
  CheckIncludeFiles.c
CheckIncludeFiles.c(2): fatal error C1083: Cannot open include file: 'langinfo.h': No such file or directory [C:\SPEEK\svox pico\dev\popt\CMakeFiles\CMakeTmp\cmTryCompileExec.vcxproj]
Done Building Project "C:\SPEEK\svox pico\dev\popt\CMakeFiles\CMakeTmp\cmTryCompileExec.vcxproj" (default targets) -- FAILED.

Build FAILED.

"C:\SPEEK\svox pico\dev\popt\CMakeFiles\CMakeTmp\cmTryCompileExec.vcxproj" (default target) (1) ->
(ClCompile target) -> 
  CheckIncludeFiles.c(2): fatal error C1083: Cannot open include file: 'langinfo.h': No such file or directory [C:\SPEEK\svox pico\dev\popt\CMakeFiles\CMakeTmp\cmTryCompileExec.vcxproj]

    0 Warning(s)
    1 Error(s)

Time Elapsed 00:00:00.17

Source:
/* */
#include <langinfo.h>


int main(){return 0;}

Determining if files libintl.h exist failed with the following output:
Change Dir: C:/SPEEK/svox pico/dev/popt/CMakeFiles/CMakeTmp

Run Build Command:C:\Windows\Microsoft.NET\Framework\v4.0.30319\MSBuild.exe cmTryCompileExec.vcxproj /p:Configuration=Debug
Microsoft (R) Build Engine Version 4.0.30319.1
[Microsoft .NET Framework, Version 4.0.30319.1]
Copyright (C) Microsoft Corporation 2007. All rights reserved.

Build started 15-4-2011 10:46:48.
Project "C:\SPEEK\svox pico\dev\popt\CMakeFiles\CMakeTmp\cmTryCompileExec.vcxproj" on node 1 (default targets).
InitializeBuildStatus:
  Creating "cmTryCompileExec.dir\Debug\cmTryCompileExec.unsuccessfulbuild" because "AlwaysCreate" was specified.
ClCompile:
  C:\Program Files (x86)\Microsoft Visual Studio 10.0\VC\bin\CL.exe /c /Zi /nologo /W3 /WX- /Od /Ob0 /Oy- /D WIN32 /D _WINDOWS /D _DEBUG /D "CMAKE_INTDIR=\"Debug\"" /D _MBCS /Gm- /RTC1 /MDd /GS /fp:precise /Zc:wchar_t /Zc:forScope /Fo"cmTryCompileExec.dir\Debug\\" /Fd"C:/SPEEK/svox pico/dev/popt/CMakeFiles/CMakeTmp/Debug/cmTryCompileExec.pdb" /Gd /TC /analyze- /errorReport:queue CheckIncludeFiles.c  /Zm1000 
  CheckIncludeFiles.c
CheckIncludeFiles.c(2): fatal error C1083: Cannot open include file: 'libintl.h': No such file or directory [C:\SPEEK\svox pico\dev\popt\CMakeFiles\CMakeTmp\cmTryCompileExec.vcxproj]
Done Building Project "C:\SPEEK\svox pico\dev\popt\CMakeFiles\CMakeTmp\cmTryCompileExec.vcxproj" (default targets) -- FAILED.

Build FAILED.

"C:\SPEEK\svox pico\dev\popt\CMakeFiles\CMakeTmp\cmTryCompileExec.vcxproj" (default target) (1) ->
(ClCompile target) -> 
  CheckIncludeFiles.c(2): fatal error C1083: Cannot open include file: 'libintl.h': No such file or directory [C:\SPEEK\svox pico\dev\popt\CMakeFiles\CMakeTmp\cmTryCompileExec.vcxproj]

    0 Warning(s)
    1 Error(s)

Time Elapsed 00:00:00.18

Source:
/* */
#include <libintl.h>


int main(){return 0;}

Determining if files mcheck.h exist failed with the following output:
Change Dir: C:/SPEEK/svox pico/dev/popt/CMakeFiles/CMakeTmp

Run Build Command:C:\Windows\Microsoft.NET\Framework\v4.0.30319\MSBuild.exe cmTryCompileExec.vcxproj /p:Configuration=Debug
Microsoft (R) Build Engine Version 4.0.30319.1
[Microsoft .NET Framework, Version 4.0.30319.1]
Copyright (C) Microsoft Corporation 2007. All rights reserved.

Build started 15-4-2011 10:46:48.
Project "C:\SPEEK\svox pico\dev\popt\CMakeFiles\CMakeTmp\cmTryCompileExec.vcxproj" on node 1 (default targets).
InitializeBuildStatus:
  Creating "cmTryCompileExec.dir\Debug\cmTryCompileExec.unsuccessfulbuild" because "AlwaysCreate" was specified.
ClCompile:
  C:\Program Files (x86)\Microsoft Visual Studio 10.0\VC\bin\CL.exe /c /Zi /nologo /W3 /WX- /Od /Ob0 /Oy- /D WIN32 /D _WINDOWS /D _DEBUG /D "CMAKE_INTDIR=\"Debug\"" /D _MBCS /Gm- /RTC1 /MDd /GS /fp:precise /Zc:wchar_t /Zc:forScope /Fo"cmTryCompileExec.dir\Debug\\" /Fd"C:/SPEEK/svox pico/dev/popt/CMakeFiles/CMakeTmp/Debug/cmTryCompileExec.pdb" /Gd /TC /analyze- /errorReport:queue CheckIncludeFiles.c  /Zm1000 
  CheckIncludeFiles.c
CheckIncludeFiles.c(2): fatal error C1083: Cannot open include file: 'mcheck.h': No such file or directory [C:\SPEEK\svox pico\dev\popt\CMakeFiles\CMakeTmp\cmTryCompileExec.vcxproj]
Done Building Project "C:\SPEEK\svox pico\dev\popt\CMakeFiles\CMakeTmp\cmTryCompileExec.vcxproj" (default targets) -- FAILED.

Build FAILED.

"C:\SPEEK\svox pico\dev\popt\CMakeFiles\CMakeTmp\cmTryCompileExec.vcxproj" (default target) (1) ->
(ClCompile target) -> 
  CheckIncludeFiles.c(2): fatal error C1083: Cannot open include file: 'mcheck.h': No such file or directory [C:\SPEEK\svox pico\dev\popt\CMakeFiles\CMakeTmp\cmTryCompileExec.vcxproj]

    0 Warning(s)
    1 Error(s)

Time Elapsed 00:00:00.18

Source:
/* */
#include <mcheck.h>


int main(){return 0;}

Determining if the function mtrace exists failed with the following output:
Change Dir: C:/SPEEK/svox pico/dev/popt/CMakeFiles/CMakeTmp

Run Build Command:C:\Windows\Microsoft.NET\Framework\v4.0.30319\MSBuild.exe cmTryCompileExec.vcxproj /p:Configuration=Debug
Microsoft (R) Build Engine Version 4.0.30319.1
[Microsoft .NET Framework, Version 4.0.30319.1]
Copyright (C) Microsoft Corporation 2007. All rights reserved.

Build started 15-4-2011 10:46:49.
Project "C:\SPEEK\svox pico\dev\popt\CMakeFiles\CMakeTmp\cmTryCompileExec.vcxproj" on node 1 (default targets).
InitializeBuildStatus:
  Creating "cmTryCompileExec.dir\Debug\cmTryCompileExec.unsuccessfulbuild" because "AlwaysCreate" was specified.
ClCompile:
  C:\Program Files (x86)\Microsoft Visual Studio 10.0\VC\bin\CL.exe /c /Zi /nologo /W3 /WX- /Od /Ob0 /Oy- /D WIN32 /D _WINDOWS /D CHECK_FUNCTION_EXISTS=mtrace /D _DEBUG /D "CMAKE_INTDIR=\"Debug\"" /D _MBCS /Gm- /RTC1 /MDd /GS /fp:precise /Zc:wchar_t /Zc:forScope /Fo"cmTryCompileExec.dir\Debug\\" /Fd"C:/SPEEK/svox pico/dev/popt/CMakeFiles/CMakeTmp/Debug/cmTryCompileExec.pdb" /Gd /TC /analyze- /errorReport:queue "..\..\..\..\..\..\Program Files (x86)\CMake 2.8\share\cmake-2.8\Modules\CheckFunctionExists.c"  /Zm1000 
  CheckFunctionExists.c
ManifestResourceCompile:
  C:\Program Files (x86)\Microsoft SDKs\Windows\v7.0A\bin\rc.exe /nologo /fo"cmTryCompileExec.dir\Debug\cmTryCompileExec.exe.embed.manifest.res" cmTryCompileExec.dir\Debug\cmTryCompileExec_manifest.rc 
Link:
  C:\Program Files (x86)\Microsoft Visual Studio 10.0\VC\bin\link.exe /ERRORREPORT:QUEUE /OUT:"C:\SPEEK\svox pico\dev\popt\CMakeFiles\CMakeTmp\Debug\cmTryCompileExec.exe" /VERSION:"0.0" /INCREMENTAL /NOLOGO kernel32.lib user32.lib gdi32.lib winspool.lib shell32.lib ole32.lib oleaut32.lib uuid.lib comdlg32.lib advapi32.lib /MANIFEST /ManifestFile:"cmTryCompileExec.dir\Debug\cmTryCompileExec.exe.intermediate.manifest" /MANIFESTUAC:"level='asInvoker' uiAccess='false'" /DEBUG /PDB:"C:\SPEEK\svox pico\dev\popt\CMakeFiles\CMakeTmp\Debug\cmTryCompileExec.pdb" /SUBSYSTEM:CONSOLE /STACK:"10000000" /TLBID:1 /DYNAMICBASE /NXCOMPAT /IMPLIB:"C:/SPEEK/svox pico/dev/popt/CMakeFiles/CMakeTmp/Debug/cmTryCompileExec.lib" /MACHINE:X86 cmTryCompileExec.dir\Debug\cmTryCompileExec.exe.embed.manifest.res
  cmTryCompileExec.dir\Debug\CheckFunctionExists.obj  /machine:X86 /debug 
CheckFunctionExists.obj : error LNK2019: unresolved external symbol _mtrace referenced in function _main [C:\SPEEK\svox pico\dev\popt\CMakeFiles\CMakeTmp\cmTryCompileExec.vcxproj]
C:\SPEEK\svox pico\dev\popt\CMakeFiles\CMakeTmp\Debug\cmTryCompileExec.exe : fatal error LNK1120: 1 unresolved externals [C:\SPEEK\svox pico\dev\popt\CMakeFiles\CMakeTmp\cmTryCompileExec.vcxproj]
Done Building Project "C:\SPEEK\svox pico\dev\popt\CMakeFiles\CMakeTmp\cmTryCompileExec.vcxproj" (default targets) -- FAILED.

Build FAILED.

"C:\SPEEK\svox pico\dev\popt\CMakeFiles\CMakeTmp\cmTryCompileExec.vcxproj" (default target) (1) ->
(Link target) -> 
  CheckFunctionExists.obj : error LNK2019: unresolved external symbol _mtrace referenced in function _main [C:\SPEEK\svox pico\dev\popt\CMakeFiles\CMakeTmp\cmTryCompileExec.vcxproj]
  C:\SPEEK\svox pico\dev\popt\CMakeFiles\CMakeTmp\Debug\cmTryCompileExec.exe : fatal error LNK1120: 1 unresolved externals [C:\SPEEK\svox pico\dev\popt\CMakeFiles\CMakeTmp\cmTryCompileExec.vcxproj]

    0 Warning(s)
    2 Error(s)

Time Elapsed 00:00:00.34


Determining if the function setregid exists failed with the following output:
Change Dir: C:/SPEEK/svox pico/dev/popt/CMakeFiles/CMakeTmp

Run Build Command:C:\Windows\Microsoft.NET\Framework\v4.0.30319\MSBuild.exe cmTryCompileExec.vcxproj /p:Configuration=Debug
Microsoft (R) Build Engine Version 4.0.30319.1
[Microsoft .NET Framework, Version 4.0.30319.1]
Copyright (C) Microsoft Corporation 2007. All rights reserved.

Build started 15-4-2011 10:46:49.
Project "C:\SPEEK\svox pico\dev\popt\CMakeFiles\CMakeTmp\cmTryCompileExec.vcxproj" on node 1 (default targets).
InitializeBuildStatus:
  Creating "cmTryCompileExec.dir\Debug\cmTryCompileExec.unsuccessfulbuild" because "AlwaysCreate" was specified.
ClCompile:
  C:\Program Files (x86)\Microsoft Visual Studio 10.0\VC\bin\CL.exe /c /Zi /nologo /W3 /WX- /Od /Ob0 /Oy- /D WIN32 /D _WINDOWS /D CHECK_FUNCTION_EXISTS=setregid /D _DEBUG /D "CMAKE_INTDIR=\"Debug\"" /D _MBCS /Gm- /RTC1 /MDd /GS /fp:precise /Zc:wchar_t /Zc:forScope /Fo"cmTryCompileExec.dir\Debug\\" /Fd"C:/SPEEK/svox pico/dev/popt/CMakeFiles/CMakeTmp/Debug/cmTryCompileExec.pdb" /Gd /TC /analyze- /errorReport:queue "..\..\..\..\..\..\Program Files (x86)\CMake 2.8\share\cmake-2.8\Modules\CheckFunctionExists.c"  /Zm1000 
  CheckFunctionExists.c
ManifestResourceCompile:
  C:\Program Files (x86)\Microsoft SDKs\Windows\v7.0A\bin\rc.exe /nologo /fo"cmTryCompileExec.dir\Debug\cmTryCompileExec.exe.embed.manifest.res" cmTryCompileExec.dir\Debug\cmTryCompileExec_manifest.rc 
Link:
  C:\Program Files (x86)\Microsoft Visual Studio 10.0\VC\bin\link.exe /ERRORREPORT:QUEUE /OUT:"C:\SPEEK\svox pico\dev\popt\CMakeFiles\CMakeTmp\Debug\cmTryCompileExec.exe" /VERSION:"0.0" /INCREMENTAL /NOLOGO kernel32.lib user32.lib gdi32.lib winspool.lib shell32.lib ole32.lib oleaut32.lib uuid.lib comdlg32.lib advapi32.lib /MANIFEST /ManifestFile:"cmTryCompileExec.dir\Debug\cmTryCompileExec.exe.intermediate.manifest" /MANIFESTUAC:"level='asInvoker' uiAccess='false'" /DEBUG /PDB:"C:\SPEEK\svox pico\dev\popt\CMakeFiles\CMakeTmp\Debug\cmTryCompileExec.pdb" /SUBSYSTEM:CONSOLE /STACK:"10000000" /TLBID:1 /DYNAMICBASE /NXCOMPAT /IMPLIB:"C:/SPEEK/svox pico/dev/popt/CMakeFiles/CMakeTmp/Debug/cmTryCompileExec.lib" /MACHINE:X86 cmTryCompileExec.dir\Debug\cmTryCompileExec.exe.embed.manifest.res
  cmTryCompileExec.dir\Debug\CheckFunctionExists.obj  /machine:X86 /debug 
CheckFunctionExists.obj : error LNK2019: unresolved external symbol _setregid referenced in function _main [C:\SPEEK\svox pico\dev\popt\CMakeFiles\CMakeTmp\cmTryCompileExec.vcxproj]
C:\SPEEK\svox pico\dev\popt\CMakeFiles\CMakeTmp\Debug\cmTryCompileExec.exe : fatal error LNK1120: 1 unresolved externals [C:\SPEEK\svox pico\dev\popt\CMakeFiles\CMakeTmp\cmTryCompileExec.vcxproj]
Done Building Project "C:\SPEEK\svox pico\dev\popt\CMakeFiles\CMakeTmp\cmTryCompileExec.vcxproj" (default targets) -- FAILED.

Build FAILED.

"C:\SPEEK\svox pico\dev\popt\CMakeFiles\CMakeTmp\cmTryCompileExec.vcxproj" (default target) (1) ->
(Link target) -> 
  CheckFunctionExists.obj : error LNK2019: unresolved external symbol _setregid referenced in function _main [C:\SPEEK\svox pico\dev\popt\CMakeFiles\CMakeTmp\cmTryCompileExec.vcxproj]
  C:\SPEEK\svox pico\dev\popt\CMakeFiles\CMakeTmp\Debug\cmTryCompileExec.exe : fatal error LNK1120: 1 unresolved externals [C:\SPEEK\svox pico\dev\popt\CMakeFiles\CMakeTmp\cmTryCompileExec.vcxproj]

    0 Warning(s)
    2 Error(s)

Time Elapsed 00:00:00.32


Determining if the function srandom exists failed with the following output:
Change Dir: C:/SPEEK/svox pico/dev/popt/CMakeFiles/CMakeTmp

Run Build Command:C:\Windows\Microsoft.NET\Framework\v4.0.30319\MSBuild.exe cmTryCompileExec.vcxproj /p:Configuration=Debug
Microsoft (R) Build Engine Version 4.0.30319.1
[Microsoft .NET Framework, Version 4.0.30319.1]
Copyright (C) Microsoft Corporation 2007. All rights reserved.

Build started 15-4-2011 10:46:50.
Project "C:\SPEEK\svox pico\dev\popt\CMakeFiles\CMakeTmp\cmTryCompileExec.vcxproj" on node 1 (default targets).
InitializeBuildStatus:
  Creating "cmTryCompileExec.dir\Debug\cmTryCompileExec.unsuccessfulbuild" because "AlwaysCreate" was specified.
ClCompile:
  C:\Program Files (x86)\Microsoft Visual Studio 10.0\VC\bin\CL.exe /c /Zi /nologo /W3 /WX- /Od /Ob0 /Oy- /D WIN32 /D _WINDOWS /D CHECK_FUNCTION_EXISTS=srandom /D _DEBUG /D "CMAKE_INTDIR=\"Debug\"" /D _MBCS /Gm- /RTC1 /MDd /GS /fp:precise /Zc:wchar_t /Zc:forScope /Fo"cmTryCompileExec.dir\Debug\\" /Fd"C:/SPEEK/svox pico/dev/popt/CMakeFiles/CMakeTmp/Debug/cmTryCompileExec.pdb" /Gd /TC /analyze- /errorReport:queue "..\..\..\..\..\..\Program Files (x86)\CMake 2.8\share\cmake-2.8\Modules\CheckFunctionExists.c"  /Zm1000 
  CheckFunctionExists.c
ManifestResourceCompile:
  C:\Program Files (x86)\Microsoft SDKs\Windows\v7.0A\bin\rc.exe /nologo /fo"cmTryCompileExec.dir\Debug\cmTryCompileExec.exe.embed.manifest.res" cmTryCompileExec.dir\Debug\cmTryCompileExec_manifest.rc 
Link:
  C:\Program Files (x86)\Microsoft Visual Studio 10.0\VC\bin\link.exe /ERRORREPORT:QUEUE /OUT:"C:\SPEEK\svox pico\dev\popt\CMakeFiles\CMakeTmp\Debug\cmTryCompileExec.exe" /VERSION:"0.0" /INCREMENTAL /NOLOGO kernel32.lib user32.lib gdi32.lib winspool.lib shell32.lib ole32.lib oleaut32.lib uuid.lib comdlg32.lib advapi32.lib /MANIFEST /ManifestFile:"cmTryCompileExec.dir\Debug\cmTryCompileExec.exe.intermediate.manifest" /MANIFESTUAC:"level='asInvoker' uiAccess='false'" /DEBUG /PDB:"C:\SPEEK\svox pico\dev\popt\CMakeFiles\CMakeTmp\Debug\cmTryCompileExec.pdb" /SUBSYSTEM:CONSOLE /STACK:"10000000" /TLBID:1 /DYNAMICBASE /NXCOMPAT /IMPLIB:"C:/SPEEK/svox pico/dev/popt/CMakeFiles/CMakeTmp/Debug/cmTryCompileExec.lib" /MACHINE:X86 cmTryCompileExec.dir\Debug\cmTryCompileExec.exe.embed.manifest.res
  cmTryCompileExec.dir\Debug\CheckFunctionExists.obj  /machine:X86 /debug 
CheckFunctionExists.obj : error LNK2019: unresolved external symbol _srandom referenced in function _main [C:\SPEEK\svox pico\dev\popt\CMakeFiles\CMakeTmp\cmTryCompileExec.vcxproj]
C:\SPEEK\svox pico\dev\popt\CMakeFiles\CMakeTmp\Debug\cmTryCompileExec.exe : fatal error LNK1120: 1 unresolved externals [C:\SPEEK\svox pico\dev\popt\CMakeFiles\CMakeTmp\cmTryCompileExec.vcxproj]
Done Building Project "C:\SPEEK\svox pico\dev\popt\CMakeFiles\CMakeTmp\cmTryCompileExec.vcxproj" (default targets) -- FAILED.

Build FAILED.

"C:\SPEEK\svox pico\dev\popt\CMakeFiles\CMakeTmp\cmTryCompileExec.vcxproj" (default target) (1) ->
(Link target) -> 
  CheckFunctionExists.obj : error LNK2019: unresolved external symbol _srandom referenced in function _main [C:\SPEEK\svox pico\dev\popt\CMakeFiles\CMakeTmp\cmTryCompileExec.vcxproj]
  C:\SPEEK\svox pico\dev\popt\CMakeFiles\CMakeTmp\Debug\cmTryCompileExec.exe : fatal error LNK1120: 1 unresolved externals [C:\SPEEK\svox pico\dev\popt\CMakeFiles\CMakeTmp\cmTryCompileExec.vcxproj]

    0 Warning(s)
    2 Error(s)

Time Elapsed 00:00:00.34


Determining if the function stpcpy exists failed with the following output:
Change Dir: C:/SPEEK/svox pico/dev/popt/CMakeFiles/CMakeTmp

Run Build Command:C:\Windows\Microsoft.NET\Framework\v4.0.30319\MSBuild.exe cmTryCompileExec.vcxproj /p:Configuration=Debug
Microsoft (R) Build Engine Version 4.0.30319.1
[Microsoft .NET Framework, Version 4.0.30319.1]
Copyright (C) Microsoft Corporation 2007. All rights reserved.

Build started 15-4-2011 10:46:52.
Project "C:\SPEEK\svox pico\dev\popt\CMakeFiles\CMakeTmp\cmTryCompileExec.vcxproj" on node 1 (default targets).
InitializeBuildStatus:
  Creating "cmTryCompileExec.dir\Debug\cmTryCompileExec.unsuccessfulbuild" because "AlwaysCreate" was specified.
ClCompile:
  C:\Program Files (x86)\Microsoft Visual Studio 10.0\VC\bin\CL.exe /c /Zi /nologo /W3 /WX- /Od /Ob0 /Oy- /D WIN32 /D _WINDOWS /D CHECK_FUNCTION_EXISTS=stpcpy /D _DEBUG /D "CMAKE_INTDIR=\"Debug\"" /D _MBCS /Gm- /RTC1 /MDd /GS /fp:precise /Zc:wchar_t /Zc:forScope /Fo"cmTryCompileExec.dir\Debug\\" /Fd"C:/SPEEK/svox pico/dev/popt/CMakeFiles/CMakeTmp/Debug/cmTryCompileExec.pdb" /Gd /TC /analyze- /errorReport:queue "..\..\..\..\..\..\Program Files (x86)\CMake 2.8\share\cmake-2.8\Modules\CheckFunctionExists.c"  /Zm1000 
  CheckFunctionExists.c
ManifestResourceCompile:
  C:\Program Files (x86)\Microsoft SDKs\Windows\v7.0A\bin\rc.exe /nologo /fo"cmTryCompileExec.dir\Debug\cmTryCompileExec.exe.embed.manifest.res" cmTryCompileExec.dir\Debug\cmTryCompileExec_manifest.rc 
Link:
  C:\Program Files (x86)\Microsoft Visual Studio 10.0\VC\bin\link.exe /ERRORREPORT:QUEUE /OUT:"C:\SPEEK\svox pico\dev\popt\CMakeFiles\CMakeTmp\Debug\cmTryCompileExec.exe" /VERSION:"0.0" /INCREMENTAL /NOLOGO kernel32.lib user32.lib gdi32.lib winspool.lib shell32.lib ole32.lib oleaut32.lib uuid.lib comdlg32.lib advapi32.lib /MANIFEST /ManifestFile:"cmTryCompileExec.dir\Debug\cmTryCompileExec.exe.intermediate.manifest" /MANIFESTUAC:"level='asInvoker' uiAccess='false'" /DEBUG /PDB:"C:\SPEEK\svox pico\dev\popt\CMakeFiles\CMakeTmp\Debug\cmTryCompileExec.pdb" /SUBSYSTEM:CONSOLE /STACK:"10000000" /TLBID:1 /DYNAMICBASE /NXCOMPAT /IMPLIB:"C:/SPEEK/svox pico/dev/popt/CMakeFiles/CMakeTmp/Debug/cmTryCompileExec.lib" /MACHINE:X86 cmTryCompileExec.dir\Debug\cmTryCompileExec.exe.embed.manifest.res
  cmTryCompileExec.dir\Debug\CheckFunctionExists.obj  /machine:X86 /debug 
CheckFunctionExists.obj : error LNK2019: unresolved external symbol _stpcpy referenced in function _main [C:\SPEEK\svox pico\dev\popt\CMakeFiles\CMakeTmp\cmTryCompileExec.vcxproj]
C:\SPEEK\svox pico\dev\popt\CMakeFiles\CMakeTmp\Debug\cmTryCompileExec.exe : fatal error LNK1120: 1 unresolved externals [C:\SPEEK\svox pico\dev\popt\CMakeFiles\CMakeTmp\cmTryCompileExec.vcxproj]
Done Building Project "C:\SPEEK\svox pico\dev\popt\CMakeFiles\CMakeTmp\cmTryCompileExec.vcxproj" (default targets) -- FAILED.

Build FAILED.

"C:\SPEEK\svox pico\dev\popt\CMakeFiles\CMakeTmp\cmTryCompileExec.vcxproj" (default target) (1) ->
(Link target) -> 
  CheckFunctionExists.obj : error LNK2019: unresolved external symbol _stpcpy referenced in function _main [C:\SPEEK\svox pico\dev\popt\CMakeFiles\CMakeTmp\cmTryCompileExec.vcxproj]
  C:\SPEEK\svox pico\dev\popt\CMakeFiles\CMakeTmp\Debug\cmTryCompileExec.exe : fatal error LNK1120: 1 unresolved externals [C:\SPEEK\svox pico\dev\popt\CMakeFiles\CMakeTmp\cmTryCompileExec.vcxproj]

    0 Warning(s)
    2 Error(s)

Time Elapsed 00:00:00.34


Determining if files strings.h exist failed with the following output:
Change Dir: C:/SPEEK/svox pico/dev/popt/CMakeFiles/CMakeTmp

Run Build Command:C:\Windows\Microsoft.NET\Framework\v4.0.30319\MSBuild.exe cmTryCompileExec.vcxproj /p:Configuration=Debug
Microsoft (R) Build Engine Version 4.0.30319.1
[Microsoft .NET Framework, Version 4.0.30319.1]
Copyright (C) Microsoft Corporation 2007. All rights reserved.

Build started 15-4-2011 10:46:53.
Project "C:\SPEEK\svox pico\dev\popt\CMakeFiles\CMakeTmp\cmTryCompileExec.vcxproj" on node 1 (default targets).
InitializeBuildStatus:
  Creating "cmTryCompileExec.dir\Debug\cmTryCompileExec.unsuccessfulbuild" because "AlwaysCreate" was specified.
ClCompile:
  C:\Program Files (x86)\Microsoft Visual Studio 10.0\VC\bin\CL.exe /c /Zi /nologo /W3 /WX- /Od /Ob0 /Oy- /D WIN32 /D _WINDOWS /D _DEBUG /D "CMAKE_INTDIR=\"Debug\"" /D _MBCS /Gm- /RTC1 /MDd /GS /fp:precise /Zc:wchar_t /Zc:forScope /Fo"cmTryCompileExec.dir\Debug\\" /Fd"C:/SPEEK/svox pico/dev/popt/CMakeFiles/CMakeTmp/Debug/cmTryCompileExec.pdb" /Gd /TC /analyze- /errorReport:queue CheckIncludeFiles.c  /Zm1000 
  CheckIncludeFiles.c
CheckIncludeFiles.c(2): fatal error C1083: Cannot open include file: 'strings.h': No such file or directory [C:\SPEEK\svox pico\dev\popt\CMakeFiles\CMakeTmp\cmTryCompileExec.vcxproj]
Done Building Project "C:\SPEEK\svox pico\dev\popt\CMakeFiles\CMakeTmp\cmTryCompileExec.vcxproj" (default targets) -- FAILED.

Build FAILED.

"C:\SPEEK\svox pico\dev\popt\CMakeFiles\CMakeTmp\cmTryCompileExec.vcxproj" (default target) (1) ->
(ClCompile target) -> 
  CheckIncludeFiles.c(2): fatal error C1083: Cannot open include file: 'strings.h': No such file or directory [C:\SPEEK\svox pico\dev\popt\CMakeFiles\CMakeTmp\cmTryCompileExec.vcxproj]

    0 Warning(s)
    1 Error(s)

Time Elapsed 00:00:00.17

Source:
/* */
#include <strings.h>


int main(){return 0;}

Determining if files unistd.h exist failed with the following output:
Change Dir: C:/SPEEK/svox pico/dev/popt/CMakeFiles/CMakeTmp

Run Build Command:C:\Windows\Microsoft.NET\Framework\v4.0.30319\MSBuild.exe cmTryCompileExec.vcxproj /p:Configuration=Debug
Microsoft (R) Build Engine Version 4.0.30319.1
[Microsoft .NET Framework, Version 4.0.30319.1]
Copyright (C) Microsoft Corporation 2007. All rights reserved.

Build started 15-4-2011 10:46:56.
Project "C:\SPEEK\svox pico\dev\popt\CMakeFiles\CMakeTmp\cmTryCompileExec.vcxproj" on node 1 (default targets).
InitializeBuildStatus:
  Creating "cmTryCompileExec.dir\Debug\cmTryCompileExec.unsuccessfulbuild" because "AlwaysCreate" was specified.
ClCompile:
  C:\Program Files (x86)\Microsoft Visual Studio 10.0\VC\bin\CL.exe /c /Zi /nologo /W3 /WX- /Od /Ob0 /Oy- /D WIN32 /D _WINDOWS /D _DEBUG /D "CMAKE_INTDIR=\"Debug\"" /D _MBCS /Gm- /RTC1 /MDd /GS /fp:precise /Zc:wchar_t /Zc:forScope /Fo"cmTryCompileExec.dir\Debug\\" /Fd"C:/SPEEK/svox pico/dev/popt/CMakeFiles/CMakeTmp/Debug/cmTryCompileExec.pdb" /Gd /TC /analyze- /errorReport:queue CheckIncludeFiles.c  /Zm1000 
  CheckIncludeFiles.c
CheckIncludeFiles.c(2): fatal error C1083: Cannot open include file: 'unistd.h': No such file or directory [C:\SPEEK\svox pico\dev\popt\CMakeFiles\CMakeTmp\cmTryCompileExec.vcxproj]
Done Building Project "C:\SPEEK\svox pico\dev\popt\CMakeFiles\CMakeTmp\cmTryCompileExec.vcxproj" (default targets) -- FAILED.

Build FAILED.

"C:\SPEEK\svox pico\dev\popt\CMakeFiles\CMakeTmp\cmTryCompileExec.vcxproj" (default target) (1) ->
(ClCompile target) -> 
  CheckIncludeFiles.c(2): fatal error C1083: Cannot open include file: 'unistd.h': No such file or directory [C:\SPEEK\svox pico\dev\popt\CMakeFiles\CMakeTmp\cmTryCompileExec.vcxproj]

    0 Warning(s)
    1 Error(s)

Time Elapsed 00:00:00.18

Source:
/* */
#include <unistd.h>


int main(){return 0;}

Determining if the function vasprintf exists failed with the following output:
Change Dir: C:/SPEEK/svox pico/dev/popt/CMakeFiles/CMakeTmp

Run Build Command:C:\Windows\Microsoft.NET\Framework\v4.0.30319\MSBuild.exe cmTryCompileExec.vcxproj /p:Configuration=Debug
Microsoft (R) Build Engine Version 4.0.30319.1
[Microsoft .NET Framework, Version 4.0.30319.1]
Copyright (C) Microsoft Corporation 2007. All rights reserved.

Build started 15-4-2011 10:46:56.
Project "C:\SPEEK\svox pico\dev\popt\CMakeFiles\CMakeTmp\cmTryCompileExec.vcxproj" on node 1 (default targets).
InitializeBuildStatus:
  Creating "cmTryCompileExec.dir\Debug\cmTryCompileExec.unsuccessfulbuild" because "AlwaysCreate" was specified.
ClCompile:
  C:\Program Files (x86)\Microsoft Visual Studio 10.0\VC\bin\CL.exe /c /Zi /nologo /W3 /WX- /Od /Ob0 /Oy- /D WIN32 /D _WINDOWS /D CHECK_FUNCTION_EXISTS=vasprintf /D _DEBUG /D "CMAKE_INTDIR=\"Debug\"" /D _MBCS /Gm- /RTC1 /MDd /GS /fp:precise /Zc:wchar_t /Zc:forScope /Fo"cmTryCompileExec.dir\Debug\\" /Fd"C:/SPEEK/svox pico/dev/popt/CMakeFiles/CMakeTmp/Debug/cmTryCompileExec.pdb" /Gd /TC /analyze- /errorReport:queue "..\..\..\..\..\..\Program Files (x86)\CMake 2.8\share\cmake-2.8\Modules\CheckFunctionExists.c"  /Zm1000 
  CheckFunctionExists.c
ManifestResourceCompile:
  C:\Program Files (x86)\Microsoft SDKs\Windows\v7.0A\bin\rc.exe /nologo /fo"cmTryCompileExec.dir\Debug\cmTryCompileExec.exe.embed.manifest.res" cmTryCompileExec.dir\Debug\cmTryCompileExec_manifest.rc 
Link:
  C:\Program Files (x86)\Microsoft Visual Studio 10.0\VC\bin\link.exe /ERRORREPORT:QUEUE /OUT:"C:\SPEEK\svox pico\dev\popt\CMakeFiles\CMakeTmp\Debug\cmTryCompileExec.exe" /VERSION:"0.0" /INCREMENTAL /NOLOGO kernel32.lib user32.lib gdi32.lib winspool.lib shell32.lib ole32.lib oleaut32.lib uuid.lib comdlg32.lib advapi32.lib /MANIFEST /ManifestFile:"cmTryCompileExec.dir\Debug\cmTryCompileExec.exe.intermediate.manifest" /MANIFESTUAC:"level='asInvoker' uiAccess='false'" /DEBUG /PDB:"C:\SPEEK\svox pico\dev\popt\CMakeFiles\CMakeTmp\Debug\cmTryCompileExec.pdb" /SUBSYSTEM:CONSOLE /STACK:"10000000" /TLBID:1 /DYNAMICBASE /NXCOMPAT /IMPLIB:"C:/SPEEK/svox pico/dev/popt/CMakeFiles/CMakeTmp/Debug/cmTryCompileExec.lib" /MACHINE:X86 cmTryCompileExec.dir\Debug\cmTryCompileExec.exe.embed.manifest.res
  cmTryCompileExec.dir\Debug\CheckFunctionExists.obj  /machine:X86 /debug 
CheckFunctionExists.obj : error LNK2019: unresolved external symbol _vasprintf referenced in function _main [C:\SPEEK\svox pico\dev\popt\CMakeFiles\CMakeTmp\cmTryCompileExec.vcxproj]
C:\SPEEK\svox pico\dev\popt\CMakeFiles\CMakeTmp\Debug\cmTryCompileExec.exe : fatal error LNK1120: 1 unresolved externals [C:\SPEEK\svox pico\dev\popt\CMakeFiles\CMakeTmp\cmTryCompileExec.vcxproj]
Done Building Project "C:\SPEEK\svox pico\dev\popt\CMakeFiles\CMakeTmp\cmTryCompileExec.vcxproj" (default targets) -- FAILED.

Build FAILED.

"C:\SPEEK\svox pico\dev\popt\CMakeFiles\CMakeTmp\cmTryCompileExec.vcxproj" (default target) (1) ->
(Link target) -> 
  CheckFunctionExists.obj : error LNK2019: unresolved external symbol _vasprintf referenced in function _main [C:\SPEEK\svox pico\dev\popt\CMakeFiles\CMakeTmp\cmTryCompileExec.vcxproj]
  C:\SPEEK\svox pico\dev\popt\CMakeFiles\CMakeTmp\Debug\cmTryCompileExec.exe : fatal error LNK1120: 1 unresolved externals [C:\SPEEK\svox pico\dev\popt\CMakeFiles\CMakeTmp\cmTryCompileExec.vcxproj]

    0 Warning(s)
    2 Error(s)

Time Elapsed 00:00:00.32


Determining if the function __secure_getenv exists failed with the following output:
Change Dir: C:/SPEEK/svox pico/dev/popt/CMakeFiles/CMakeTmp

Run Build Command:C:\Windows\Microsoft.NET\Framework\v4.0.30319\MSBuild.exe cmTryCompileExec.vcxproj /p:Configuration=Debug
Microsoft (R) Build Engine Version 4.0.30319.1
[Microsoft .NET Framework, Version 4.0.30319.1]
Copyright (C) Microsoft Corporation 2007. All rights reserved.

Build started 15-4-2011 10:46:57.
Project "C:\SPEEK\svox pico\dev\popt\CMakeFiles\CMakeTmp\cmTryCompileExec.vcxproj" on node 1 (default targets).
InitializeBuildStatus:
  Creating "cmTryCompileExec.dir\Debug\cmTryCompileExec.unsuccessfulbuild" because "AlwaysCreate" was specified.
ClCompile:
  C:\Program Files (x86)\Microsoft Visual Studio 10.0\VC\bin\CL.exe /c /Zi /nologo /W3 /WX- /Od /Ob0 /Oy- /D WIN32 /D _WINDOWS /D CHECK_FUNCTION_EXISTS=__secure_getenv /D _DEBUG /D "CMAKE_INTDIR=\"Debug\"" /D _MBCS /Gm- /RTC1 /MDd /GS /fp:precise /Zc:wchar_t /Zc:forScope /Fo"cmTryCompileExec.dir\Debug\\" /Fd"C:/SPEEK/svox pico/dev/popt/CMakeFiles/CMakeTmp/Debug/cmTryCompileExec.pdb" /Gd /TC /analyze- /errorReport:queue "..\..\..\..\..\..\Program Files (x86)\CMake 2.8\share\cmake-2.8\Modules\CheckFunctionExists.c"  /Zm1000 
  CheckFunctionExists.c
ManifestResourceCompile:
  C:\Program Files (x86)\Microsoft SDKs\Windows\v7.0A\bin\rc.exe /nologo /fo"cmTryCompileExec.dir\Debug\cmTryCompileExec.exe.embed.manifest.res" cmTryCompileExec.dir\Debug\cmTryCompileExec_manifest.rc 
Link:
  C:\Program Files (x86)\Microsoft Visual Studio 10.0\VC\bin\link.exe /ERRORREPORT:QUEUE /OUT:"C:\SPEEK\svox pico\dev\popt\CMakeFiles\CMakeTmp\Debug\cmTryCompileExec.exe" /VERSION:"0.0" /INCREMENTAL /NOLOGO kernel32.lib user32.lib gdi32.lib winspool.lib shell32.lib ole32.lib oleaut32.lib uuid.lib comdlg32.lib advapi32.lib /MANIFEST /ManifestFile:"cmTryCompileExec.dir\Debug\cmTryCompileExec.exe.intermediate.manifest" /MANIFESTUAC:"level='asInvoker' uiAccess='false'" /DEBUG /PDB:"C:\SPEEK\svox pico\dev\popt\CMakeFiles\CMakeTmp\Debug\cmTryCompileExec.pdb" /SUBSYSTEM:CONSOLE /STACK:"10000000" /TLBID:1 /DYNAMICBASE /NXCOMPAT /IMPLIB:"C:/SPEEK/svox pico/dev/popt/CMakeFiles/CMakeTmp/Debug/cmTryCompileExec.lib" /MACHINE:X86 cmTryCompileExec.dir\Debug\cmTryCompileExec.exe.embed.manifest.res
  cmTryCompileExec.dir\Debug\CheckFunctionExists.obj  /machine:X86 /debug 
CheckFunctionExists.obj : error LNK2019: unresolved external symbol ___secure_getenv referenced in function _main [C:\SPEEK\svox pico\dev\popt\CMakeFiles\CMakeTmp\cmTryCompileExec.vcxproj]
C:\SPEEK\svox pico\dev\popt\CMakeFiles\CMakeTmp\Debug\cmTryCompileExec.exe : fatal error LNK1120: 1 unresolved externals [C:\SPEEK\svox pico\dev\popt\CMakeFiles\CMakeTmp\cmTryCompileExec.vcxproj]
Done Building Project "C:\SPEEK\svox pico\dev\popt\CMakeFiles\CMakeTmp\cmTryCompileExec.vcxproj" (default targets) -- FAILED.

Build FAILED.

"C:\SPEEK\svox pico\dev\popt\CMakeFiles\CMakeTmp\cmTryCompileExec.vcxproj" (default target) (1) ->
(Link target) -> 
  CheckFunctionExists.obj : error LNK2019: unresolved external symbol ___secure_getenv referenced in function _main [C:\SPEEK\svox pico\dev\popt\CMakeFiles\CMakeTmp\cmTryCompileExec.vcxproj]
  C:\SPEEK\svox pico\dev\popt\CMakeFiles\CMakeTmp\Debug\cmTryCompileExec.exe : fatal error LNK1120: 1 unresolved externals [C:\SPEEK\svox pico\dev\popt\CMakeFiles\CMakeTmp\cmTryCompileExec.vcxproj]

    0 Warning(s)
    2 Error(s)

Time Elapsed 00:00:00.34


